SF:lib\data\data_provider\assets_and_components_api.dart
DA:8,2
DA:10,2
DA:12,1
DA:15,1
DA:16,3
DA:17,1
DA:18,1
DA:19,3
DA:22,1
DA:23,2
DA:26,2
DA:30,1
DA:31,1
DA:32,1
DA:33,1
DA:34,2
DA:35,2
DA:38,1
DA:39,2
LF:19
LH:19
end_of_record
SF:lib\data\data_provider\constants.dart
DA:3,6
DA:5,2
DA:6,2
DA:9,3
LF:4
LH:4
end_of_record
SF:lib\data\exceptions_and_errors.dart
DA:3,3
DA:9,3
DA:10,0
DA:11,0
DA:12,0
DA:21,3
DA:22,0
DA:23,0
LF:8
LH:3
end_of_record
SF:lib\data\models\asset_model.dart
DA:9,3
DA:15,2
DA:25,2
DA:26,1
DA:27,1
DA:28,1
DA:29,1
DA:32,1
DA:33,5
LF:9
LH:9
end_of_record
SF:lib\data\models\component_model.dart
DA:13,3
DA:23,2
DA:37,2
DA:38,1
DA:39,1
DA:40,1
DA:41,1
DA:42,1
DA:43,1
DA:44,1
DA:45,1
DA:48,1
DA:49,1
DA:50,1
DA:51,1
DA:52,1
DA:53,1
DA:54,1
DA:55,1
DA:56,1
DA:57,1
LF:21
LH:21
end_of_record
SF:lib\data\models\location_model.dart
DA:8,3
DA:15,2
DA:16,1
DA:17,1
DA:18,1
DA:21,1
DA:22,4
LF:7
LH:7
end_of_record
SF:lib\data\data_provider\companies_api.dart
DA:6,2
DA:8,1
DA:10,3
DA:11,1
DA:12,1
DA:13,1
DA:14,1
DA:16,2
DA:17,2
DA:20,3
LF:10
LH:10
end_of_record
SF:lib\data\data_provider\locations_api.dart
DA:8,2
DA:10,1
DA:15,4
DA:16,1
DA:17,3
DA:18,1
DA:19,1
DA:20,1
DA:21,1
DA:22,1
DA:23,2
DA:24,2
DA:27,1
DA:28,2
LF:14
LH:14
end_of_record
SF:lib\data\repository\companies_repository.dart
DA:7,2
DA:9,1
DA:11,2
DA:12,3
DA:13,1
DA:14,5
LF:6
LH:6
end_of_record
SF:lib\domain\entities\company.dart
DA:4,2
DA:17,1
DA:18,3
DA:20,1
DA:21,3
LF:5
LH:5
end_of_record
SF:lib\data\repository\resources_repository.dart
DA:10,2
DA:16,1
DA:19,2
DA:21,2
DA:22,5
DA:23,5
DA:24,5
DA:25,1
LF:8
LH:8
end_of_record
SF:lib\domain\entities\resource.dart
DA:8,1
DA:10,1
DA:11,3
DA:18,1
DA:19,3
DA:20,1
DA:21,3
DA:22,1
DA:23,3
DA:24,1
DA:34,1
DA:35,1
DA:36,1
DA:37,1
DA:38,1
DA:39,1
DA:40,1
DA:47,1
DA:48,3
DA:49,1
DA:50,2
DA:51,1
DA:59,1
DA:60,1
DA:61,1
DA:62,1
DA:63,1
DA:64,1
DA:73,1
LF:29
LH:29
end_of_record
SF:lib\data\mapper.dart
DA:6,1
DA:12,1
DA:13,1
DA:14,1
DA:15,1
DA:16,1
DA:17,1
DA:19,1
DA:20,2
DA:21,2
DA:22,1
DA:24,1
DA:26,4
DA:29,2
DA:30,3
DA:32,1
DA:34,0
DA:36,4
DA:38,1
DA:41,2
DA:42,3
DA:45,1
DA:47,4
DA:49,4
DA:51,1
DA:55,1
DA:56,2
DA:57,1
DA:58,2
DA:59,1
DA:60,2
DA:61,1
DA:62,2
DA:64,0
DA:70,1
DA:81,1
DA:82,1
DA:83,1
DA:84,4
DA:85,2
DA:87,4
DA:88,2
DA:90,4
DA:91,2
DA:94,2
DA:95,1
DA:98,1
DA:99,1
DA:100,1
DA:104,1
DA:115,1
DA:116,1
DA:117,3
DA:118,0
DA:120,3
DA:121,2
DA:124,2
DA:125,1
DA:128,1
DA:129,1
DA:133,1
DA:145,1
DA:146,1
DA:147,1
DA:148,1
DA:149,1
DA:150,1
DA:151,1
LF:68
LH:65
end_of_record
SF:lib\service_locator.dart
DA:11,3
DA:15,1
DA:16,1
DA:17,4
DA:19,5
DA:20,5
DA:21,1
DA:22,4
DA:25,1
DA:26,4
DA:28,1
DA:29,2
DA:30,2
DA:31,2
DA:35,1
DA:38,1
DA:39,2
DA:40,2
DA:43,1
DA:44,2
DA:45,2
LF:21
LH:21
end_of_record
SF:lib\domain\exceptions_and_errors.dart
DA:3,0
DA:7,0
DA:8,0
DA:9,0
DA:13,0
DA:14,0
DA:15,0
LF:7
LH:0
end_of_record
SF:lib\domain\use_cases\filter_resources_use_case.dart
DA:4,1
DA:6,0
DA:11,0
DA:12,0
DA:18,0
DA:22,0
DA:23,0
DA:24,0
DA:25,0
DA:27,0
DA:28,0
DA:31,0
DA:32,0
DA:33,0
DA:35,0
DA:36,0
DA:39,0
DA:40,0
DA:42,0
DA:43,0
DA:46,0
DA:47,0
DA:48,0
DA:49,0
DA:51,0
DA:52,0
DA:55,0
DA:56,0
DA:58,0
DA:59,0
DA:62,0
DA:66,0
DA:67,0
LF:33
LH:1
end_of_record
SF:lib\domain\use_cases\get_companies_use_case.dart
DA:8,1
DA:11,0
DA:13,0
DA:14,0
DA:15,0
LF:5
LH:1
end_of_record
SF:lib\domain\use_cases\get_resources_use_case.dart
DA:8,1
DA:11,0
DA:13,0
DA:16,0
DA:17,0
LF:5
LH:1
end_of_record
